<title>Issue 16691 -   chromium -    Selenium failures from webkit change 45797. - Project Hosting on Google Code</title> <pre> [ RUN      ] SeleniumTest.Core    __num_tests_total = [492]  __tests_failed = [5.open 5.selectFrame]  .testseleniumselenium_test.cc(158): error: Failed  new tests failing:    5.open    5.selectFrame    [  FAILED  ] SeleniumTest.Core (63500 ms) </pre>